<?xml version="1.0" encoding="utf-8"?>
<test-run id="2" testcasecount="15" result="Passed" total="15" passed="15" failed="0" inconclusive="0" skipped="0" asserts="0" engine-version="3.5.0.0" clr-version="4.0.30319.42000" start-time="2026-09-04 09:12:18Z" end-time="2026-09-04 09:12:18Z" duration="0.3019367">
  <test-suite type="TestSuite" id="1242" name="ExecutionCompat2022" fullname="ExecutionCompat2022" runstate="Runnable" testcasecount="209" result="Passed" start-time="2026-09-04 09:12:18Z" end-time="2026-09-04 09:12:18Z" duration="0.301937" total="15" passed="15" failed="0" inconclusive="0" skipped="0" asserts="0">
    <properties />
    <test-suite type="Assembly" id="1367" name="UPilot.Editor.Tests.dll" fullname="D:/upilot/Tests~/ExecutionCompat2022/Library/ScriptAssemblies/UPilot.Editor.Tests.dll" runstate="Runnable" testcasecount="115" result="Passed" start-time="2026-09-04 09:12:18Z" end-time="2026-09-04 09:12:18Z" duration="0.262485" total="15" passed="15" failed="0" inconclusive="0" skipped="0" asserts="0">
      <properties>
        <property name="_PID" value="70720" />
        <property name="_APPDOMAIN" value="Unity Child Domain" />
        <property name="platform" value="EditMode" />
      </properties>
      <test-suite type="TestSuite" id="1368" name="CodingRiver" fullname="CodingRiver" runstate="Runnable" testcasecount="115" result="Passed" start-time="2026-09-04 09:12:18Z" end-time="2026-09-04 09:12:18Z" duration="0.258942" total="15" passed="15" failed="0" inconclusive="0" skipped="0" asserts="0">
        <properties />
        <test-suite type="TestSuite" id="1369" name="UPilot" fullname="CodingRiver.UPilot" runstate="Runnable" testcasecount="115" result="Passed" start-time="2026-09-04 09:12:18Z" end-time="2026-09-04 09:12:18Z" duration="0.253077" total="15" passed="15" failed="0" inconclusive="0" skipped="0" asserts="0">
          <properties />
          <test-suite type="TestSuite" id="1370" name="Tests" fullname="CodingRiver.UPilot.Tests" runstate="Runnable" testcasecount="115" result="Passed" start-time="2026-09-04 09:12:18Z" end-time="2026-09-04 09:12:18Z" duration="0.249133" total="15" passed="15" failed="0" inconclusive="0" skipped="0" asserts="0">
            <properties />
            <test-suite type="TestFixture" id="1317" name="UPilotExecutionCoreTests" fullname="CodingRiver.UPilot.Tests.UPilotExecutionCoreTests" classname="CodingRiver.UPilot.Tests.UPilotExecutionCoreTests" runstate="Runnable" testcasecount="15" result="Passed" start-time="2026-09-04 09:12:18Z" end-time="2026-09-04 09:12:18Z" duration="0.242742" total="15" passed="15" failed="0" inconclusive="0" skipped="0" asserts="0">
              <properties />
              <test-case id="1319" name="AwaitableAdapterSupportsTaskOfT" fullname="CodingRiver.UPilot.Tests.UPilotExecutionCoreTests.AwaitableAdapterSupportsTaskOfT" methodname="AwaitableAdapterSupportsTaskOfT" classname="CodingRiver.UPilot.Tests.UPilotExecutionCoreTests" runstate="Runnable" seed="1353845819" result="Passed" start-time="2026-09-04 09:12:18Z" end-time="2026-09-04 09:12:18Z" duration="0.038908" asserts="0">
                <properties />
              </test-case>
              <test-case id="1325" name="AwaitableCancellationHasStableCode" fullname="CodingRiver.UPilot.Tests.UPilotExecutionCoreTests.AwaitableCancellationHasStableCode" methodname="AwaitableCancellationHasStableCode" classname="CodingRiver.UPilot.Tests.UPilotExecutionCoreTests" runstate="Runnable" seed="1577674320" result="Passed" start-time="2026-09-04 09:12:18Z" end-time="2026-09-04 09:12:18Z" duration="0.029070" asserts="0">
                <properties />
              </test-case>
              <test-case id="1328" name="BudgetFailureHasStableCodeAndMetricDetails" fullname="CodingRiver.UPilot.Tests.UPilotExecutionCoreTests.BudgetFailureHasStableCodeAndMetricDetails" methodname="BudgetFailureHasStableCodeAndMetricDetails" classname="CodingRiver.UPilot.Tests.UPilotExecutionCoreTests" runstate="Runnable" seed="386306706" result="Passed" start-time="2026-09-04 09:12:18Z" end-time="2026-09-04 09:12:18Z" duration="0.003371" asserts="0">
                <properties />
              </test-case>
              <test-case id="1324" name="CancellationHasStableCodeAndPreservesActualState" fullname="CodingRiver.UPilot.Tests.UPilotExecutionCoreTests.CancellationHasStableCodeAndPreservesActualState" methodname="CancellationHasStableCodeAndPreservesActualState" classname="CodingRiver.UPilot.Tests.UPilotExecutionCoreTests" runstate="Runnable" seed="42359381" result="Passed" start-time="2026-09-04 09:12:18Z" end-time="2026-09-04 09:12:18Z" duration="0.035295" asserts="0">
                <properties />
              </test-case>
              <test-case id="1329" name="EmitBackendCachesValidatedProgram" fullname="CodingRiver.UPilot.Tests.UPilotExecutionCoreTests.EmitBackendCachesValidatedProgram" methodname="EmitBackendCachesValidatedProgram" classname="CodingRiver.UPilot.Tests.UPilotExecutionCoreTests" runstate="Runnable" seed="78727708" result="Passed" start-time="2026-09-04 09:12:18Z" end-time="2026-09-04 09:12:18Z" duration="0.011399" asserts="0">
                <properties />
              </test-case>
              <test-case id="1326" name="EventSubscriptionRequiresSessionAndClosesDeterministically" fullname="CodingRiver.UPilot.Tests.UPilotExecutionCoreTests.EventSubscriptionRequiresSessionAndClosesDeterministically" methodname="EventSubscriptionRequiresSessionAndClosesDeterministically" classname="CodingRiver.UPilot.Tests.UPilotExecutionCoreTests" runstate="Runnable" seed="305674091" result="Passed" start-time="2026-09-04 09:12:18Z" end-time="2026-09-04 09:12:18Z" duration="0.011200" asserts="0">
                <properties />
              </test-case>
              <test-case id="1327" name="InterpreterRoutesReflectedCallsThroughInvocationScheduler" fullname="CodingRiver.UPilot.Tests.UPilotExecutionCoreTests.InterpreterRoutesReflectedCallsThroughInvocationScheduler" methodname="InterpreterRoutesReflectedCallsThroughInvocationScheduler" classname="CodingRiver.UPilot.Tests.UPilotExecutionCoreTests" runstate="Runnable" seed="1061816403" result="Passed" start-time="2026-09-04 09:12:18Z" end-time="2026-09-04 09:12:18Z" duration="0.012371" asserts="0">
                <properties />
              </test-case>
              <test-case id="1321" name="InterpreterSupportsExplicitAndInferredGenericCallsAndClosedTypes" fullname="CodingRiver.UPilot.Tests.UPilotExecutionCoreTests.InterpreterSupportsExplicitAndInferredGenericCallsAndClosedTypes" methodname="InterpreterSupportsExplicitAndInferredGenericCallsAndClosedTypes" classname="CodingRiver.UPilot.Tests.UPilotExecutionCoreTests" runstate="Runnable" seed="756145673" result="Passed" start-time="2026-09-04 09:12:18Z" end-time="2026-09-04 09:12:18Z" duration="0.007441" asserts="0">
                <properties />
              </test-case>
              <test-case id="1320" name="InterpreterSupportsStatementsLoopsAndPersistentVariables" fullname="CodingRiver.UPilot.Tests.UPilotExecutionCoreTests.InterpreterSupportsStatementsLoopsAndPersistentVariables" methodname="InterpreterSupportsStatementsLoopsAndPersistentVariables" classname="CodingRiver.UPilot.Tests.UPilotExecutionCoreTests" runstate="Runnable" seed="770242225" result="Passed" start-time="2026-09-04 09:12:18Z" end-time="2026-09-04 09:12:18Z" duration="0.002593" asserts="0">
                <properties />
              </test-case>
              <test-case id="1322" name="InterpreterSupportsTypedAndJaggedArrays" fullname="CodingRiver.UPilot.Tests.UPilotExecutionCoreTests.InterpreterSupportsTypedAndJaggedArrays" methodname="InterpreterSupportsTypedAndJaggedArrays" classname="CodingRiver.UPilot.Tests.UPilotExecutionCoreTests" runstate="Runnable" seed="170427913" result="Passed" start-time="2026-09-04 09:12:18Z" end-time="2026-09-04 09:12:18Z" duration="0.002330" asserts="0">
                <properties />
              </test-case>
              <test-case id="1318" name="MethodBinderUsesDeclaredTypeNamedOptionalGenericAndRefOut" fullname="CodingRiver.UPilot.Tests.UPilotExecutionCoreTests.MethodBinderUsesDeclaredTypeNamedOptionalGenericAndRefOut" methodname="MethodBinderUsesDeclaredTypeNamedOptionalGenericAndRefOut" classname="CodingRiver.UPilot.Tests.UPilotExecutionCoreTests" runstate="Runnable" seed="2145532002" result="Passed" start-time="2026-09-04 09:12:18Z" end-time="2026-09-04 09:12:18Z" duration="0.013083" asserts="0">
                <properties />
              </test-case>
              <test-case id="1330" name="ReflectionEmitCreatesInterfaceImplementationAndProperty" fullname="CodingRiver.UPilot.Tests.UPilotExecutionCoreTests.ReflectionEmitCreatesInterfaceImplementationAndProperty" methodname="ReflectionEmitCreatesInterfaceImplementationAndProperty" classname="CodingRiver.UPilot.Tests.UPilotExecutionCoreTests" runstate="Runnable" seed="283592693" result="Passed" start-time="2026-09-04 09:12:18Z" end-time="2026-09-04 09:12:18Z" duration="0.026098" asserts="0">
                <properties />
              </test-case>
              <test-case id="1331" name="ReflectionEmitSupportsCustomPropertyAndBoundedCallbackDiagnostics" fullname="CodingRiver.UPilot.Tests.UPilotExecutionCoreTests.ReflectionEmitSupportsCustomPropertyAndBoundedCallbackDiagnostics" methodname="ReflectionEmitSupportsCustomPropertyAndBoundedCallbackDiagnostics" classname="CodingRiver.UPilot.Tests.UPilotExecutionCoreTests" runstate="Runnable" seed="1798086275" result="Passed" start-time="2026-09-04 09:12:18Z" end-time="2026-09-04 09:12:18Z" duration="0.014954" asserts="0">
                <properties />
              </test-case>
              <test-case id="1323" name="RuntimeErrorsCarryMultilineSourceSpan" fullname="CodingRiver.UPilot.Tests.UPilotExecutionCoreTests.RuntimeErrorsCarryMultilineSourceSpan" methodname="RuntimeErrorsCarryMultilineSourceSpan" classname="CodingRiver.UPilot.Tests.UPilotExecutionCoreTests" runstate="Runnable" seed="1539605286" result="Passed" start-time="2026-09-04 09:12:18Z" end-time="2026-09-04 09:12:18Z" duration="0.002795" asserts="0">
                <properties />
              </test-case>
              <test-case id="1332" name="SessionCloseInvalidatesHandlesAndReportsDeferredTypeRelease" fullname="CodingRiver.UPilot.Tests.UPilotExecutionCoreTests.SessionCloseInvalidatesHandlesAndReportsDeferredTypeRelease" methodname="SessionCloseInvalidatesHandlesAndReportsDeferredTypeRelease" classname="CodingRiver.UPilot.Tests.UPilotExecutionCoreTests" runstate="Runnable" seed="1200875761" result="Passed" start-time="2026-09-04 09:12:18Z" end-time="2026-09-04 09:12:18Z" duration="0.002717" asserts="0">
                <properties />
              </test-case>
            </test-suite>
          </test-suite>
        </test-suite>
      </test-suite>
    </test-suite>
  </test-suite>
</test-run>