<?xml version="1.0" encoding="utf-8"?>
<test-run id="2" testcasecount="38" result="Passed" total="38" passed="38" failed="0" inconclusive="0" skipped="0" asserts="0" engine-version="3.5.0.0" clr-version="4.0.30319.42000" start-time="2026-09-04 11:20:02Z" end-time="2026-09-04 11:20:04Z" duration="1.7271644">
  <test-suite type="TestSuite" id="1269" name="ExecutionCompat2022" fullname="ExecutionCompat2022" runstate="Runnable" testcasecount="235" result="Passed" start-time="2026-09-04 11:20:02Z" end-time="2026-09-04 11:20:04Z" duration="1.727164" total="38" passed="38" failed="0" inconclusive="0" skipped="0" asserts="0">
    <properties />
    <test-suite type="Assembly" id="1421" name="UPilot.Editor.Tests.dll" fullname="D:/upilot/Tests~/ExecutionCompat2022/Library/ScriptAssemblies/UPilot.Editor.Tests.dll" runstate="Runnable" testcasecount="141" result="Passed" start-time="2026-09-04 11:20:02Z" end-time="2026-09-04 11:20:04Z" duration="1.683375" total="38" passed="38" failed="0" inconclusive="0" skipped="0" asserts="0">
      <properties>
        <property name="_PID" value="87244" />
        <property name="_APPDOMAIN" value="Unity Child Domain" />
        <property name="platform" value="EditMode" />
      </properties>
      <test-suite type="TestSuite" id="1422" name="CodingRiver" fullname="CodingRiver" runstate="Runnable" testcasecount="141" result="Passed" start-time="2026-09-04 11:20:02Z" end-time="2026-09-04 11:20:04Z" duration="1.678055" total="38" passed="38" failed="0" inconclusive="0" skipped="0" asserts="0">
        <properties />
        <test-suite type="TestSuite" id="1423" name="UPilot" fullname="CodingRiver.UPilot" runstate="Runnable" testcasecount="141" result="Passed" start-time="2026-09-04 11:20:02Z" end-time="2026-09-04 11:20:04Z" duration="1.674231" total="38" passed="38" failed="0" inconclusive="0" skipped="0" asserts="0">
          <properties />
          <test-suite type="TestSuite" id="1424" name="Tests" fullname="CodingRiver.UPilot.Tests" runstate="Runnable" testcasecount="141" result="Passed" start-time="2026-09-04 11:20:02Z" end-time="2026-09-04 11:20:04Z" duration="1.669196" total="38" passed="38" failed="0" inconclusive="0" skipped="0" asserts="0">
            <properties />
            <test-suite type="TestFixture" id="1344" name="UPilotExecutionCoreTests" fullname="CodingRiver.UPilot.Tests.UPilotExecutionCoreTests" classname="CodingRiver.UPilot.Tests.UPilotExecutionCoreTests" runstate="Runnable" testcasecount="38" result="Passed" start-time="2026-09-04 11:20:02Z" end-time="2026-09-04 11:20:04Z" duration="1.662529" total="38" passed="38" failed="0" inconclusive="0" skipped="0" asserts="0">
              <properties />
              <test-case id="1347" name="AwaitableAdapterSupportsTaskOfT" fullname="CodingRiver.UPilot.Tests.UPilotExecutionCoreTests.AwaitableAdapterSupportsTaskOfT" methodname="AwaitableAdapterSupportsTaskOfT" classname="CodingRiver.UPilot.Tests.UPilotExecutionCoreTests" runstate="Runnable" seed="134835434" result="Passed" start-time="2026-09-04 11:20:02Z" end-time="2026-09-04 11:20:02Z" duration="0.043702" asserts="0">
                <properties />
              </test-case>
              <test-case id="1367" name="AwaitableCancellationHasStableCode" fullname="CodingRiver.UPilot.Tests.UPilotExecutionCoreTests.AwaitableCancellationHasStableCode" methodname="AwaitableCancellationHasStableCode" classname="CodingRiver.UPilot.Tests.UPilotExecutionCoreTests" runstate="Runnable" seed="2139114441" result="Passed" start-time="2026-09-04 11:20:02Z" end-time="2026-09-04 11:20:02Z" duration="0.033405" asserts="0">
                <properties />
              </test-case>
              <test-case id="1372" name="BudgetFailureHasStableCodeAndMetricDetails" fullname="CodingRiver.UPilot.Tests.UPilotExecutionCoreTests.BudgetFailureHasStableCodeAndMetricDetails" methodname="BudgetFailureHasStableCodeAndMetricDetails" classname="CodingRiver.UPilot.Tests.UPilotExecutionCoreTests" runstate="Runnable" seed="1447159213" result="Passed" start-time="2026-09-04 11:20:02Z" end-time="2026-09-04 11:20:02Z" duration="0.004108" asserts="0">
                <properties />
              </test-case>
              <test-case id="1366" name="CancellationHasStableCodeAndPreservesActualState" fullname="CodingRiver.UPilot.Tests.UPilotExecutionCoreTests.CancellationHasStableCodeAndPreservesActualState" methodname="CancellationHasStableCodeAndPreservesActualState" classname="CodingRiver.UPilot.Tests.UPilotExecutionCoreTests" runstate="Runnable" seed="2116720154" result="Passed" start-time="2026-09-04 11:20:02Z" end-time="2026-09-04 11:20:02Z" duration="0.051169" asserts="0">
                <properties />
              </test-case>
              <test-case id="1368" name="CancellationTimeoutAndEmitValidationNeverReplaySideEffects" fullname="CodingRiver.UPilot.Tests.UPilotExecutionCoreTests.CancellationTimeoutAndEmitValidationNeverReplaySideEffects" methodname="CancellationTimeoutAndEmitValidationNeverReplaySideEffects" classname="CodingRiver.UPilot.Tests.UPilotExecutionCoreTests" runstate="Runnable" seed="893991262" result="Passed" start-time="2026-09-04 11:20:02Z" end-time="2026-09-04 11:20:02Z" duration="0.020692" asserts="0">
                <properties />
              </test-case>
              <test-case id="1373" name="EmitBackendCachesValidatedProgram" fullname="CodingRiver.UPilot.Tests.UPilotExecutionCoreTests.EmitBackendCachesValidatedProgram" methodname="EmitBackendCachesValidatedProgram" classname="CodingRiver.UPilot.Tests.UPilotExecutionCoreTests" runstate="Runnable" seed="1361999300" result="Passed" start-time="2026-09-04 11:20:02Z" end-time="2026-09-04 11:20:02Z" duration="0.010183" asserts="0">
                <properties />
              </test-case>
              <test-case id="1369" name="EventSubscriptionRequiresSessionAndClosesDeterministically" fullname="CodingRiver.UPilot.Tests.UPilotExecutionCoreTests.EventSubscriptionRequiresSessionAndClosesDeterministically" methodname="EventSubscriptionRequiresSessionAndClosesDeterministically" classname="CodingRiver.UPilot.Tests.UPilotExecutionCoreTests" runstate="Runnable" seed="514155311" result="Passed" start-time="2026-09-04 11:20:02Z" end-time="2026-09-04 11:20:02Z" duration="0.013399" asserts="0">
                <properties />
              </test-case>
              <test-case id="1370" name="EventSubscriptionsCoverStaticTtlPlayModeAndCleanupFailure" fullname="CodingRiver.UPilot.Tests.UPilotExecutionCoreTests.EventSubscriptionsCoverStaticTtlPlayModeAndCleanupFailure" methodname="EventSubscriptionsCoverStaticTtlPlayModeAndCleanupFailure" classname="CodingRiver.UPilot.Tests.UPilotExecutionCoreTests" runstate="Runnable" seed="963221545" result="Passed" start-time="2026-09-04 11:20:02Z" end-time="2026-09-04 11:20:04Z" duration="1.176658" asserts="0">
                <properties />
              </test-case>
              <test-case id="1345" name="ExecutionCapabilitiesAdvertiseStructuredRecoveryAndCallbackIsolation" fullname="CodingRiver.UPilot.Tests.UPilotExecutionCoreTests.ExecutionCapabilitiesAdvertiseStructuredRecoveryAndCallbackIsolation" methodname="ExecutionCapabilitiesAdvertiseStructuredRecoveryAndCallbackIsolation" classname="CodingRiver.UPilot.Tests.UPilotExecutionCoreTests" runstate="Runnable" seed="106734929" result="Passed" start-time="2026-09-04 11:20:04Z" end-time="2026-09-04 11:20:04Z" duration="0.001706" asserts="0">
                <properties />
              </test-case>
              <test-case id="1350" name="GenericInferenceCoversArrayNullableConstraintsAndAmbiguity" fullname="CodingRiver.UPilot.Tests.UPilotExecutionCoreTests.GenericInferenceCoversArrayNullableConstraintsAndAmbiguity" methodname="GenericInferenceCoversArrayNullableConstraintsAndAmbiguity" classname="CodingRiver.UPilot.Tests.UPilotExecutionCoreTests" runstate="Runnable" seed="1262400959" result="Passed" start-time="2026-09-04 11:20:04Z" end-time="2026-09-04 11:20:04Z" duration="0.044861" asserts="0">
                <properties />
              </test-case>
              <test-case id="1371" name="InterpreterRoutesReflectedCallsThroughInvocationScheduler" fullname="CodingRiver.UPilot.Tests.UPilotExecutionCoreTests.InterpreterRoutesReflectedCallsThroughInvocationScheduler" methodname="InterpreterRoutesReflectedCallsThroughInvocationScheduler" classname="CodingRiver.UPilot.Tests.UPilotExecutionCoreTests" runstate="Runnable" seed="459179236" result="Passed" start-time="2026-09-04 11:20:04Z" end-time="2026-09-04 11:20:04Z" duration="0.013565" asserts="0">
                <properties />
              </test-case>
              <test-case id="1349" name="InterpreterSupportsExplicitAndInferredGenericCallsAndClosedTypes" fullname="CodingRiver.UPilot.Tests.UPilotExecutionCoreTests.InterpreterSupportsExplicitAndInferredGenericCallsAndClosedTypes" methodname="InterpreterSupportsExplicitAndInferredGenericCallsAndClosedTypes" classname="CodingRiver.UPilot.Tests.UPilotExecutionCoreTests" runstate="Runnable" seed="1633530264" result="Passed" start-time="2026-09-04 11:20:04Z" end-time="2026-09-04 11:20:04Z" duration="0.012786" asserts="0">
                <properties />
              </test-case>
              <test-case id="1348" name="InterpreterSupportsStatementsLoopsAndPersistentVariables" fullname="CodingRiver.UPilot.Tests.UPilotExecutionCoreTests.InterpreterSupportsStatementsLoopsAndPersistentVariables" methodname="InterpreterSupportsStatementsLoopsAndPersistentVariables" classname="CodingRiver.UPilot.Tests.UPilotExecutionCoreTests" runstate="Runnable" seed="1468671113" result="Passed" start-time="2026-09-04 11:20:04Z" end-time="2026-09-04 11:20:04Z" duration="0.006214" asserts="0">
                <properties />
              </test-case>
              <test-case id="1351" name="InterpreterSupportsTypedAndJaggedArrays" fullname="CodingRiver.UPilot.Tests.UPilotExecutionCoreTests.InterpreterSupportsTypedAndJaggedArrays" methodname="InterpreterSupportsTypedAndJaggedArrays" classname="CodingRiver.UPilot.Tests.UPilotExecutionCoreTests" runstate="Runnable" seed="1910477037" result="Passed" start-time="2026-09-04 11:20:04Z" end-time="2026-09-04 11:20:04Z" duration="0.011564" asserts="0">
                <properties />
              </test-case>
              <test-case id="1346" name="MethodBinderUsesDeclaredTypeNamedOptionalGenericAndRefOut" fullname="CodingRiver.UPilot.Tests.UPilotExecutionCoreTests.MethodBinderUsesDeclaredTypeNamedOptionalGenericAndRefOut" methodname="MethodBinderUsesDeclaredTypeNamedOptionalGenericAndRefOut" classname="CodingRiver.UPilot.Tests.UPilotExecutionCoreTests" runstate="Runnable" seed="724801614" result="Passed" start-time="2026-09-04 11:20:04Z" end-time="2026-09-04 11:20:04Z" duration="0.005586" asserts="0">
                <properties />
              </test-case>
              <test-case id="1365" name="ParseBindPolicyRuntimeBudgetAndEmitErrorsCarryStageAndSpan" fullname="CodingRiver.UPilot.Tests.UPilotExecutionCoreTests.ParseBindPolicyRuntimeBudgetAndEmitErrorsCarryStageAndSpan" methodname="ParseBindPolicyRuntimeBudgetAndEmitErrorsCarryStageAndSpan" classname="CodingRiver.UPilot.Tests.UPilotExecutionCoreTests" runstate="Runnable" seed="2136887984" result="Passed" start-time="2026-09-04 11:20:04Z" end-time="2026-09-04 11:20:04Z" duration="0.010791" asserts="0">
                <properties />
              </test-case>
              <test-case id="1379" name="ReflectionEmitCacheHitUsesIndependentSessionCallbackGuardsAndLeases" fullname="CodingRiver.UPilot.Tests.UPilotExecutionCoreTests.ReflectionEmitCacheHitUsesIndependentSessionCallbackGuardsAndLeases" methodname="ReflectionEmitCacheHitUsesIndependentSessionCallbackGuardsAndLeases" classname="CodingRiver.UPilot.Tests.UPilotExecutionCoreTests" runstate="Runnable" seed="902781901" result="Passed" start-time="2026-09-04 11:20:04Z" end-time="2026-09-04 11:20:04Z" duration="0.032202" asserts="0">
                <properties />
              </test-case>
              <test-case id="1378" name="ReflectionEmitCallbackGuardsCoverIsolationPropagationReentrancyConcurrencyAndCapacity" fullname="CodingRiver.UPilot.Tests.UPilotExecutionCoreTests.ReflectionEmitCallbackGuardsCoverIsolationPropagationReentrancyConcurrencyAndCapacity" methodname="ReflectionEmitCallbackGuardsCoverIsolationPropagationReentrancyConcurrencyAndCapacity" classname="CodingRiver.UPilot.Tests.UPilotExecutionCoreTests" runstate="Runnable" seed="344585055" result="Passed" start-time="2026-09-04 11:20:04Z" end-time="2026-09-04 11:20:04Z" duration="0.026010" asserts="0">
                <properties />
              </test-case>
              <test-case id="1374" name="ReflectionEmitCreatesInterfaceImplementationAndProperty" fullname="CodingRiver.UPilot.Tests.UPilotExecutionCoreTests.ReflectionEmitCreatesInterfaceImplementationAndProperty" methodname="ReflectionEmitCreatesInterfaceImplementationAndProperty" classname="CodingRiver.UPilot.Tests.UPilotExecutionCoreTests" runstate="Runnable" seed="109926360" result="Passed" start-time="2026-09-04 11:20:04Z" end-time="2026-09-04 11:20:04Z" duration="0.012870" asserts="0">
                <properties />
              </test-case>
              <test-case id="1380" name="ReflectionEmitMixedPropertyAccessorsAndInvalidSpecsAreDeterministic" fullname="CodingRiver.UPilot.Tests.UPilotExecutionCoreTests.ReflectionEmitMixedPropertyAccessorsAndInvalidSpecsAreDeterministic" methodname="ReflectionEmitMixedPropertyAccessorsAndInvalidSpecsAreDeterministic" classname="CodingRiver.UPilot.Tests.UPilotExecutionCoreTests" runstate="Runnable" seed="1362442823" result="Passed" start-time="2026-09-04 11:20:04Z" end-time="2026-09-04 11:20:04Z" duration="0.008614" asserts="0">
                <properties />
              </test-case>
              <test-case id="1375" name="ReflectionEmitPlainMethodFormatsSignatureWithoutInspectingOpenMethodBuilder" fullname="CodingRiver.UPilot.Tests.UPilotExecutionCoreTests.ReflectionEmitPlainMethodFormatsSignatureWithoutInspectingOpenMethodBuilder" methodname="ReflectionEmitPlainMethodFormatsSignatureWithoutInspectingOpenMethodBuilder" classname="CodingRiver.UPilot.Tests.UPilotExecutionCoreTests" runstate="Runnable" seed="1917345953" result="Passed" start-time="2026-09-04 11:20:04Z" end-time="2026-09-04 11:20:04Z" duration="0.004189" asserts="0">
                <properties />
              </test-case>
              <test-case id="1377" name="ReflectionEmitSupportsCustomPropertyAndBoundedCallbackDiagnostics" fullname="CodingRiver.UPilot.Tests.UPilotExecutionCoreTests.ReflectionEmitSupportsCustomPropertyAndBoundedCallbackDiagnostics" methodname="ReflectionEmitSupportsCustomPropertyAndBoundedCallbackDiagnostics" classname="CodingRiver.UPilot.Tests.UPilotExecutionCoreTests" runstate="Runnable" seed="1792619140" result="Passed" start-time="2026-09-04 11:20:04Z" end-time="2026-09-04 11:20:04Z" duration="0.012898" asserts="0">
                <properties />
              </test-case>
              <test-case id="1376" name="ReflectionEmitV2BodyAllowsSynchronousExceptionsGenericsAndArrays" fullname="CodingRiver.UPilot.Tests.UPilotExecutionCoreTests.ReflectionEmitV2BodyAllowsSynchronousExceptionsGenericsAndArrays" methodname="ReflectionEmitV2BodyAllowsSynchronousExceptionsGenericsAndArrays" classname="CodingRiver.UPilot.Tests.UPilotExecutionCoreTests" runstate="Runnable" seed="979776088" result="Passed" start-time="2026-09-04 11:20:04Z" end-time="2026-09-04 11:20:04Z" duration="0.010665" asserts="0">
                <properties />
              </test-case>
              <test-case id="1363" name="ReflectionExpressionProfileAllowsV2ArraysButRejectsLambdaAndAwait" fullname="CodingRiver.UPilot.Tests.UPilotExecutionCoreTests.ReflectionExpressionProfileAllowsV2ArraysButRejectsLambdaAndAwait" methodname="ReflectionExpressionProfileAllowsV2ArraysButRejectsLambdaAndAwait" classname="CodingRiver.UPilot.Tests.UPilotExecutionCoreTests" runstate="Runnable" seed="1241562338" result="Passed" start-time="2026-09-04 11:20:04Z" end-time="2026-09-04 11:20:04Z" duration="0.002252" asserts="0">
                <properties />
              </test-case>
              <test-case id="1364" name="RuntimeErrorsCarryMultilineSourceSpan" fullname="CodingRiver.UPilot.Tests.UPilotExecutionCoreTests.RuntimeErrorsCarryMultilineSourceSpan" methodname="RuntimeErrorsCarryMultilineSourceSpan" classname="CodingRiver.UPilot.Tests.UPilotExecutionCoreTests" runstate="Runnable" seed="2137995816" result="Passed" start-time="2026-09-04 11:20:04Z" end-time="2026-09-04 11:20:04Z" duration="0.000647" asserts="0">
                <properties />
              </test-case>
              <test-case id="1381" name="SessionCleanupReleasesInfrastructureWithoutDisposingUserObjects" fullname="CodingRiver.UPilot.Tests.UPilotExecutionCoreTests.SessionCleanupReleasesInfrastructureWithoutDisposingUserObjects" methodname="SessionCleanupReleasesInfrastructureWithoutDisposingUserObjects" classname="CodingRiver.UPilot.Tests.UPilotExecutionCoreTests" runstate="Runnable" seed="1484231635" result="Passed" start-time="2026-09-04 11:20:04Z" end-time="2026-09-04 11:20:04Z" duration="0.001284" asserts="0">
                <properties />
              </test-case>
              <test-case id="1382" name="SessionCloseInvalidatesHandlesAndReportsDeferredTypeRelease" fullname="CodingRiver.UPilot.Tests.UPilotExecutionCoreTests.SessionCloseInvalidatesHandlesAndReportsDeferredTypeRelease" methodname="SessionCloseInvalidatesHandlesAndReportsDeferredTypeRelease" classname="CodingRiver.UPilot.Tests.UPilotExecutionCoreTests" runstate="Runnable" seed="585840648" result="Passed" start-time="2026-09-04 11:20:04Z" end-time="2026-09-04 11:20:04Z" duration="0.001147" asserts="0">
                <properties />
              </test-case>
              <test-case id="1352" name="TypedArraysConvertElementsAndRejectInvalidShapesAndLengths" fullname="CodingRiver.UPilot.Tests.UPilotExecutionCoreTests.TypedArraysConvertElementsAndRejectInvalidShapesAndLengths" methodname="TypedArraysConvertElementsAndRejectInvalidShapesAndLengths" classname="CodingRiver.UPilot.Tests.UPilotExecutionCoreTests" runstate="Runnable" seed="297372362" result="Passed" start-time="2026-09-04 11:20:04Z" end-time="2026-09-04 11:20:04Z" duration="0.005083" asserts="0">
                <properties />
              </test-case>
              <test-case id="1362" name="V2ArraysSupportRanksInitializersInferenceShapeAndElementBudget" fullname="CodingRiver.UPilot.Tests.UPilotExecutionCoreTests.V2ArraysSupportRanksInitializersInferenceShapeAndElementBudget" methodname="V2ArraysSupportRanksInitializersInferenceShapeAndElementBudget" classname="CodingRiver.UPilot.Tests.UPilotExecutionCoreTests" runstate="Runnable" seed="1757955699" result="Passed" start-time="2026-09-04 11:20:04Z" end-time="2026-09-04 11:20:04Z" duration="0.003102" asserts="0">
                <properties />
              </test-case>
              <test-case id="1357" name="V2AsyncLambdaAwaitsTaskAndRejectsAsyncVoidConversion" fullname="CodingRiver.UPilot.Tests.UPilotExecutionCoreTests.V2AsyncLambdaAwaitsTaskAndRejectsAsyncVoidConversion" methodname="V2AsyncLambdaAwaitsTaskAndRejectsAsyncVoidConversion" classname="CodingRiver.UPilot.Tests.UPilotExecutionCoreTests" runstate="Runnable" seed="1431570040" result="Passed" start-time="2026-09-04 11:20:04Z" end-time="2026-09-04 11:20:04Z" duration="0.010316" asserts="0">
                <properties />
              </test-case>
              <test-case id="1355" name="V2ClosuresCaptureCellsAndSupportTypedBlockLambdas" fullname="CodingRiver.UPilot.Tests.UPilotExecutionCoreTests.V2ClosuresCaptureCellsAndSupportTypedBlockLambdas" methodname="V2ClosuresCaptureCellsAndSupportTypedBlockLambdas" classname="CodingRiver.UPilot.Tests.UPilotExecutionCoreTests" runstate="Runnable" seed="211940455" result="Passed" start-time="2026-09-04 11:20:04Z" end-time="2026-09-04 11:20:04Z" duration="0.001294" asserts="0">
                <properties />
              </test-case>
              <test-case id="1353" name="V2ExceptionHandlingPreservesCatchOrderRethrowAndFinallyControlFlow" fullname="CodingRiver.UPilot.Tests.UPilotExecutionCoreTests.V2ExceptionHandlingPreservesCatchOrderRethrowAndFinallyControlFlow" methodname="V2ExceptionHandlingPreservesCatchOrderRethrowAndFinallyControlFlow" classname="CodingRiver.UPilot.Tests.UPilotExecutionCoreTests" runstate="Runnable" seed="225604421" result="Passed" start-time="2026-09-04 11:20:04Z" end-time="2026-09-04 11:20:04Z" duration="0.005256" asserts="0">
                <properties />
              </test-case>
              <test-case id="1356" name="V2ForAndForeachUseSpecifiedCaptureCells" fullname="CodingRiver.UPilot.Tests.UPilotExecutionCoreTests.V2ForAndForeachUseSpecifiedCaptureCells" methodname="V2ForAndForeachUseSpecifiedCaptureCells" classname="CodingRiver.UPilot.Tests.UPilotExecutionCoreTests" runstate="Runnable" seed="216872519" result="Passed" start-time="2026-09-04 11:20:04Z" end-time="2026-09-04 11:20:04Z" duration="0.008087" asserts="0">
                <properties />
              </test-case>
              <test-case id="1361" name="V2GenericInferenceTraversesInterfacesParamsAndTypedLambdas" fullname="CodingRiver.UPilot.Tests.UPilotExecutionCoreTests.V2GenericInferenceTraversesInterfacesParamsAndTypedLambdas" methodname="V2GenericInferenceTraversesInterfacesParamsAndTypedLambdas" classname="CodingRiver.UPilot.Tests.UPilotExecutionCoreTests" runstate="Runnable" seed="397846520" result="Passed" start-time="2026-09-04 11:20:04Z" end-time="2026-09-04 11:20:04Z" duration="0.005867" asserts="0">
                <properties />
              </test-case>
              <test-case id="1354" name="V2InfrastructureFailuresBypassCatchAndRunBoundedFinally" fullname="CodingRiver.UPilot.Tests.UPilotExecutionCoreTests.V2InfrastructureFailuresBypassCatchAndRunBoundedFinally" methodname="V2InfrastructureFailuresBypassCatchAndRunBoundedFinally" classname="CodingRiver.UPilot.Tests.UPilotExecutionCoreTests" runstate="Runnable" seed="427061271" result="Passed" start-time="2026-09-04 11:20:04Z" end-time="2026-09-04 11:20:04Z" duration="0.002133" asserts="0">
                <properties />
              </test-case>
              <test-case id="1359" name="V2PersistentAsyncClosureDoesNotRetainDisposedCallCancellationSource" fullname="CodingRiver.UPilot.Tests.UPilotExecutionCoreTests.V2PersistentAsyncClosureDoesNotRetainDisposedCallCancellationSource" methodname="V2PersistentAsyncClosureDoesNotRetainDisposedCallCancellationSource" classname="CodingRiver.UPilot.Tests.UPilotExecutionCoreTests" runstate="Runnable" seed="1856799693" result="Passed" start-time="2026-09-04 11:20:04Z" end-time="2026-09-04 11:20:04Z" duration="0.005780" asserts="0">
                <properties />
              </test-case>
              <test-case id="1360" name="V2SessionCloseCancelsAsyncLeaseAndReportsRunningOperation" fullname="CodingRiver.UPilot.Tests.UPilotExecutionCoreTests.V2SessionCloseCancelsAsyncLeaseAndReportsRunningOperation" methodname="V2SessionCloseCancelsAsyncLeaseAndReportsRunningOperation" classname="CodingRiver.UPilot.Tests.UPilotExecutionCoreTests" runstate="Runnable" seed="2122576270" result="Passed" start-time="2026-09-04 11:20:04Z" end-time="2026-09-04 11:20:04Z" duration="0.001911" asserts="0">
                <properties />
              </test-case>
              <test-case id="1358" name="V2SessionKeepsClosureRootsTracksAsyncAndInvalidatesOnClose" fullname="CodingRiver.UPilot.Tests.UPilotExecutionCoreTests.V2SessionKeepsClosureRootsTracksAsyncAndInvalidatesOnClose" methodname="V2SessionKeepsClosureRootsTracksAsyncAndInvalidatesOnClose" classname="CodingRiver.UPilot.Tests.UPilotExecutionCoreTests" runstate="Runnable" seed="1928126745" result="Passed" start-time="2026-09-04 11:20:04Z" end-time="2026-09-04 11:20:04Z" duration="0.002107" asserts="0">
                <properties />
              </test-case>
            </test-suite>
          </test-suite>
        </test-suite>
      </test-suite>
    </test-suite>
  </test-suite>
</test-run>